1524243230866	geckodriver	INFO	geckodriver 0.20.1
1524243230876	geckodriver	INFO	Listening on 127.0.0.1:49959
1524243231892	mozrunner::runner	INFO	Running command: "/Applications/Firefox.app/Contents/MacOS/firefox-bin" "-marionette" "-profile" "/var/folders/bf/yttl8sfs7d1ftty215lm4dkc0000gn/T/rust_mozprofile.LuEHu1Upiv5K"
1524243232408	Marionette	INFO	Enabled via --marionette
2018-04-21 00:53:53.379 plugin-container[804:18131] *** CFMessagePort: bootstrap_register(): failed 1100 (0x44c) 'Permission denied', port = 0xa037, name = 'com.apple.tsm.portname'
See /usr/include/servers/bootstrap_defs.h for the error codes.
1524243233836	Marionette	INFO	Listening on port 49970
1524243233854	Marionette	WARN	TLS certificate errors will be ignored for this session
2018-04-21 00:53:54.320 plugin-container[805:18209] *** CFMessagePort: bootstrap_register(): failed 1100 (0x44c) 'Permission denied', port = 0x9e37, name = 'com.apple.tsm.portname'
See /usr/include/servers/bootstrap_defs.h for the error codes.
*** UTM:SVC TimerManager:registerTimer called after profile-before-change notification. Ignoring timer registration for id: telemetry_modules_ping
1524243355438	geckodriver	INFO	geckodriver 0.20.1
1524243355446	geckodriver	INFO	Listening on 127.0.0.1:50028
1524243356466	mozrunner::runner	INFO	Running command: "/Applications/Firefox.app/Contents/MacOS/firefox-bin" "-marionette" "-profile" "/var/folders/bf/yttl8sfs7d1ftty215lm4dkc0000gn/T/rust_mozprofile.LEfyjE8b74S9"
1524243356970	Marionette	INFO	Enabled via --marionette
2018-04-21 00:55:57.863 plugin-container[832:18850] *** CFMessagePort: bootstrap_register(): failed 1100 (0x44c) 'Permission denied', port = 0xa137, name = 'com.apple.tsm.portname'
See /usr/include/servers/bootstrap_defs.h for the error codes.
1524243358192	Marionette	INFO	Listening on port 50039
1524243358230	Marionette	WARN	TLS certificate errors will be ignored for this session
2018-04-21 00:55:58.769 plugin-container[833:18923] *** CFMessagePort: bootstrap_register(): failed 1100 (0x44c) 'Permission denied', port = 0x9f37, name = 'com.apple.tsm.portname'
See /usr/include/servers/bootstrap_defs.h for the error codes.
1524243386990	geckodriver	INFO	geckodriver 0.20.1
1524243386999	geckodriver	INFO	Listening on 127.0.0.1:50091
1524243388012	mozrunner::runner	INFO	Running command: "/Applications/Firefox.app/Contents/MacOS/firefox-bin" "-marionette" "-profile" "/var/folders/bf/yttl8sfs7d1ftty215lm4dkc0000gn/T/rust_mozprofile.X6b2fGBmXlOc"
1524243388586	Marionette	INFO	Enabled via --marionette
2018-04-21 00:56:29.562 plugin-container[846:19200] *** CFMessagePort: bootstrap_register(): failed 1100 (0x44c) 'Permission denied', port = 0xa237, name = 'com.apple.tsm.portname'
See /usr/include/servers/bootstrap_defs.h for the error codes.
1524243390014	Marionette	INFO	Listening on port 50102
1524243390128	Marionette	WARN	TLS certificate errors will be ignored for this session
2018-04-21 00:56:30.561 plugin-container[847:19275] *** CFMessagePort: bootstrap_register(): failed 1100 (0x44c) 'Permission denied', port = 0x9e33, name = 'com.apple.tsm.portname'
See /usr/include/servers/bootstrap_defs.h for the error codes.
*** UTM:SVC TimerManager:registerTimer called after profile-before-change notification. Ignoring timer registration for id: telemetry_modules_ping
*** UTM:SVC TimerManager:registerTimer called after profile-before-change notification. Ignoring timer registration for id: telemetry_modules_ping
1524243432907	geckodriver	INFO	geckodriver 0.20.1
1524243432913	geckodriver	INFO	Listening on 127.0.0.1:50181
1524243433917	mozrunner::runner	INFO	Running command: "/Applications/Firefox.app/Contents/MacOS/firefox-bin" "-marionette" "-profile" "/var/folders/bf/yttl8sfs7d1ftty215lm4dkc0000gn/T/rust_mozprofile.y9zDSar5cygO"
1524243434478	Marionette	INFO	Enabled via --marionette
2018-04-21 00:57:15.416 plugin-container[856:19688] *** CFMessagePort: bootstrap_register(): failed 1100 (0x44c) 'Permission denied', port = 0xa137, name = 'com.apple.tsm.portname'
See /usr/include/servers/bootstrap_defs.h for the error codes.
1524243435850	Marionette	INFO	Listening on port 50192
1524243435874	Marionette	WARN	TLS certificate errors will be ignored for this session
2018-04-21 00:57:16.393 plugin-container[857:19759] *** CFMessagePort: bootstrap_register(): failed 1100 (0x44c) 'Permission denied', port = 0x9e37, name = 'com.apple.tsm.portname'
See /usr/include/servers/bootstrap_defs.h for the error codes.
*** UTM:SVC TimerManager:registerTimer called after profile-before-change notification. Ignoring timer registration for id: telemetry_modules_ping
1524243489181	geckodriver	INFO	geckodriver 0.20.1
1524243489188	geckodriver	INFO	Listening on 127.0.0.1:50260
1524243490202	mozrunner::runner	INFO	Running command: "/Applications/Firefox.app/Contents/MacOS/firefox-bin" "-marionette" "-profile" "/var/folders/bf/yttl8sfs7d1ftty215lm4dkc0000gn/T/rust_mozprofile.Ex7hprUMIuuO"
1524243490712	Marionette	INFO	Enabled via --marionette
2018-04-21 00:58:11.608 plugin-container[873:20645] *** CFMessagePort: bootstrap_register(): failed 1100 (0x44c) 'Permission denied', port = 0xa337, name = 'com.apple.tsm.portname'
See /usr/include/servers/bootstrap_defs.h for the error codes.
1524243491942	Marionette	INFO	Listening on port 50271
1524243491982	Marionette	WARN	TLS certificate errors will be ignored for this session
2018-04-21 00:58:12.507 plugin-container[874:20729] *** CFMessagePort: bootstrap_register(): failed 1100 (0x44c) 'Permission denied', port = 0x9d33, name = 'com.apple.tsm.portname'
See /usr/include/servers/bootstrap_defs.h for the error codes.
JavaScript error: https://ss1.bdstatic.com/5eN1bjq8AAUYm2zgoY3K/r/www/cache/static/protocol/https/plugins/every_cookie_mac_82990d4.js, line 4: ReferenceError: c is not defined
console.warn: LoginRecipes: getRecipes: falling back to a synchronous message for: https://www.baidu.com
1524243643117	geckodriver	INFO	geckodriver 0.20.1
1524243643125	geckodriver	INFO	Listening on 127.0.0.1:50354
1524243644143	mozrunner::runner	INFO	Running command: "/Applications/Firefox.app/Contents/MacOS/firefox-bin" "-marionette" "-profile" "/var/folders/bf/yttl8sfs7d1ftty215lm4dkc0000gn/T/rust_mozprofile.aaIm0V0Sczxs"
1524243644638	Marionette	INFO	Enabled via --marionette
2018-04-21 01:00:45.570 plugin-container[903:21470] *** CFMessagePort: bootstrap_register(): failed 1100 (0x44c) 'Permission denied', port = 0xa037, name = 'com.apple.tsm.portname'
See /usr/include/servers/bootstrap_defs.h for the error codes.
1524243645918	Marionette	INFO	Listening on port 50365
1524243646012	Marionette	WARN	TLS certificate errors will be ignored for this session
2018-04-21 01:00:46.509 plugin-container[904:21541] *** CFMessagePort: bootstrap_register(): failed 1100 (0x44c) 'Permission denied', port = 0x9e37, name = 'com.apple.tsm.portname'
See /usr/include/servers/bootstrap_defs.h for the error codes.
JavaScript error: https://ss1.bdstatic.com/5eN1bjq8AAUYm2zgoY3K/r/www/cache/static/protocol/https/plugins/every_cookie_mac_82990d4.js, line 4: ReferenceError: c is not defined
1524243735492	geckodriver	INFO	geckodriver 0.20.1
1524243735499	geckodriver	INFO	Listening on 127.0.0.1:50449
1524243736510	mozrunner::runner	INFO	Running command: "/Applications/Firefox.app/Contents/MacOS/firefox-bin" "-marionette" "-profile" "/var/folders/bf/yttl8sfs7d1ftty215lm4dkc0000gn/T/rust_mozprofile.v8gr91imGhff"
1524243737094	Marionette	INFO	Enabled via --marionette
2018-04-21 01:02:17.978 plugin-container[935:22467] *** CFMessagePort: bootstrap_register(): failed 1100 (0x44c) 'Permission denied', port = 0xa337, name = 'com.apple.tsm.portname'
See /usr/include/servers/bootstrap_defs.h for the error codes.
1524243738352	Marionette	INFO	Listening on port 50460
1524243738370	Marionette	WARN	TLS certificate errors will be ignored for this session
2018-04-21 01:02:18.889 plugin-container[936:22560] *** CFMessagePort: bootstrap_register(): failed 1100 (0x44c) 'Permission denied', port = 0x9d37, name = 'com.apple.tsm.portname'
See /usr/include/servers/bootstrap_defs.h for the error codes.
JavaScript error: https://ss1.bdstatic.com/5eN1bjq8AAUYm2zgoY3K/r/www/cache/static/protocol/https/plugins/every_cookie_mac_82990d4.js, line 4: ReferenceError: c is not defined
*** UTM:SVC TimerManager:registerTimer called after profile-before-change notification. Ignoring timer registration for id: telemetry_modules_ping
1524243799066	geckodriver	INFO	geckodriver 0.20.1
1524243799074	geckodriver	INFO	Listening on 127.0.0.1:50528
1524243800093	mozrunner::runner	INFO	Running command: "/Applications/Firefox.app/Contents/MacOS/firefox-bin" "-marionette" "-profile" "/var/folders/bf/yttl8sfs7d1ftty215lm4dkc0000gn/T/rust_mozprofile.e4ryQG9IbA89"
1524243800602	Marionette	INFO	Enabled via --marionette
2018-04-21 01:03:21.481 plugin-container[950:23007] *** CFMessagePort: bootstrap_register(): failed 1100 (0x44c) 'Permission denied', port = 0xa137, name = 'com.apple.tsm.portname'
See /usr/include/servers/bootstrap_defs.h for the error codes.
1524243801812	Marionette	INFO	Listening on port 50539
2018-04-21 01:03:22.357 plugin-container[951:23085] *** CFMessagePort: bootstrap_register(): failed 1100 (0x44c) 'Permission denied', port = 0x9d37, name = 'com.apple.tsm.portname'
See /usr/include/servers/bootstrap_defs.h for the error codes.
*** UTM:SVC TimerManager:registerTimer called after profile-before-change notification. Ignoring timer registration for id: telemetry_modules_ping
1524243827066	geckodriver	INFO	geckodriver 0.20.1
1524243827074	geckodriver	INFO	Listening on 127.0.0.1:50556
1524243828090	mozrunner::runner	INFO	Running command: "/Applications/Firefox.app/Contents/MacOS/firefox-bin" "-marionette" "-profile" "/var/folders/bf/yttl8sfs7d1ftty215lm4dkc0000gn/T/rust_mozprofile.qMCtA8KYFGMS"
1524243828634	Marionette	INFO	Enabled via --marionette
2018-04-21 01:03:49.569 plugin-container[958:23373] *** CFMessagePort: bootstrap_register(): failed 1100 (0x44c) 'Permission denied', port = 0xa337, name = 'com.apple.tsm.portname'
See /usr/include/servers/bootstrap_defs.h for the error codes.
1524243829998	Marionette	INFO	Listening on port 50567
1524243830080	Marionette	WARN	TLS certificate errors will be ignored for this session
2018-04-21 01:03:50.492 plugin-container[959:23446] *** CFMessagePort: bootstrap_register(): failed 1100 (0x44c) 'Permission denied', port = 0x9d37, name = 'com.apple.tsm.portname'
See /usr/include/servers/bootstrap_defs.h for the error codes.
JavaScript error: https://ss1.bdstatic.com/5eN1bjq8AAUYm2zgoY3K/r/www/cache/static/protocol/https/plugins/every_cookie_mac_82990d4.js, line 4: ReferenceError: c is not defined
*** UTM:SVC TimerManager:registerTimer called after profile-before-change notification. Ignoring timer registration for id: telemetry_modules_ping
1524243871294	geckodriver	INFO	geckodriver 0.20.1
1524243871302	geckodriver	INFO	Listening on 127.0.0.1:50643
1524243872320	mozrunner::runner	INFO	Running command: "/Applications/Firefox.app/Contents/MacOS/firefox-bin" "-marionette" "-profile" "/var/folders/bf/yttl8sfs7d1ftty215lm4dkc0000gn/T/rust_mozprofile.SGUt0WtzB7pJ"
1524243872834	Marionette	INFO	Enabled via --marionette
2018-04-21 01:04:33.741 plugin-container[969:23789] *** CFMessagePort: bootstrap_register(): failed 1100 (0x44c) 'Permission denied', port = 0xa137, name = 'com.apple.tsm.portname'
See /usr/include/servers/bootstrap_defs.h for the error codes.
1524243874106	Marionette	INFO	Listening on port 50654
1524243874180	Marionette	WARN	TLS certificate errors will be ignored for this session
2018-04-21 01:04:34.615 plugin-container[970:23863] *** CFMessagePort: bootstrap_register(): failed 1100 (0x44c) 'Permission denied', port = 0x9d37, name = 'com.apple.tsm.portname'
See /usr/include/servers/bootstrap_defs.h for the error codes.
JavaScript error: https://ss1.bdstatic.com/5eN1bjq8AAUYm2zgoY3K/r/www/cache/static/protocol/https/plugins/every_cookie_mac_82990d4.js, line 4: ReferenceError: c is not defined
*** UTM:SVC TimerManager:registerTimer called after profile-before-change notification. Ignoring timer registration for id: telemetry_modules_ping
1524243884598	geckodriver	INFO	geckodriver 0.20.1
1524243884608	geckodriver	INFO	Listening on 127.0.0.1:50733
1524243885623	mozrunner::runner	INFO	Running command: "/Applications/Firefox.app/Contents/MacOS/firefox-bin" "-marionette" "-profile" "/var/folders/bf/yttl8sfs7d1ftty215lm4dkc0000gn/T/rust_mozprofile.R11xcHXeuqqK"
1524243886128	Marionette	INFO	Enabled via --marionette
2018-04-21 01:04:47.054 plugin-container[978:24049] *** CFMessagePort: bootstrap_register(): failed 1100 (0x44c) 'Permission denied', port = 0xa237, name = 'com.apple.tsm.portname'
See /usr/include/servers/bootstrap_defs.h for the error codes.
1524243887442	Marionette	INFO	Listening on port 50744
1524243887500	Marionette	WARN	TLS certificate errors will be ignored for this session
2018-04-21 01:04:47.946 plugin-container[979:24129] *** CFMessagePort: bootstrap_register(): failed 1100 (0x44c) 'Permission denied', port = 0x9e37, name = 'com.apple.tsm.portname'
See /usr/include/servers/bootstrap_defs.h for the error codes.
JavaScript error: https://ss1.bdstatic.com/5eN1bjq8AAUYm2zgoY3K/r/www/cache/static/protocol/https/plugins/every_cookie_mac_82990d4.js, line 4: ReferenceError: c is not defined
*** UTM:SVC TimerManager:registerTimer called after profile-before-change notification. Ignoring timer registration for id: telemetry_modules_ping
1524243912486	geckodriver	INFO	geckodriver 0.20.1
1524243912495	geckodriver	INFO	Listening on 127.0.0.1:50822
1524243913509	mozrunner::runner	INFO	Running command: "/Applications/Firefox.app/Contents/MacOS/firefox-bin" "-marionette" "-profile" "/var/folders/bf/yttl8sfs7d1ftty215lm4dkc0000gn/T/rust_mozprofile.BXv4i1pF2Zus"
1524243914004	Marionette	INFO	Enabled via --marionette
2018-04-21 01:05:14.879 plugin-container[991:24424] *** CFMessagePort: bootstrap_register(): failed 1100 (0x44c) 'Permission denied', port = 0xa437, name = 'com.apple.tsm.portname'
See /usr/include/servers/bootstrap_defs.h for the error codes.
1524243915262	Marionette	INFO	Listening on port 50833
1524243915282	Marionette	WARN	TLS certificate errors will be ignored for this session
2018-04-21 01:05:15.831 plugin-container[992:24493] *** CFMessagePort: bootstrap_register(): failed 1100 (0x44c) 'Permission denied', port = 0x9e2f, name = 'com.apple.tsm.portname'
See /usr/include/servers/bootstrap_defs.h for the error codes.
JavaScript error: https://ss1.bdstatic.com/5eN1bjq8AAUYm2zgoY3K/r/www/cache/static/protocol/https/plugins/every_cookie_mac_82990d4.js, line 4: ReferenceError: c is not defined
*** UTM:SVC TimerManager:registerTimer called after profile-before-change notification. Ignoring timer registration for id: telemetry_modules_ping
1524243984148	geckodriver	INFO	geckodriver 0.20.1
1524243984156	geckodriver	INFO	Listening on 127.0.0.1:50905
1524243985174	mozrunner::runner	INFO	Running command: "/Applications/Firefox.app/Contents/MacOS/firefox-bin" "-marionette" "-profile" "/var/folders/bf/yttl8sfs7d1ftty215lm4dkc0000gn/T/rust_mozprofile.fI58Em8G2ffO"
1524243985684	Marionette	INFO	Enabled via --marionette
2018-04-21 01:06:26.590 plugin-container[1002:24913] *** CFMessagePort: bootstrap_register(): failed 1100 (0x44c) 'Permission denied', port = 0xa337, name = 'com.apple.tsm.portname'
See /usr/include/servers/bootstrap_defs.h for the error codes.
1524243986996	Marionette	INFO	Listening on port 50916
1524243987064	Marionette	WARN	TLS certificate errors will be ignored for this session
2018-04-21 01:06:27.543 plugin-container[1003:24989] *** CFMessagePort: bootstrap_register(): failed 1100 (0x44c) 'Permission denied', port = 0x9e37, name = 'com.apple.tsm.portname'
See /usr/include/servers/bootstrap_defs.h for the error codes.
JavaScript error: https://ss1.bdstatic.com/5eN1bjq8AAUYm2zgoY3K/r/www/cache/static/protocol/https/plugins/every_cookie_mac_82990d4.js, line 4: ReferenceError: c is not defined
*** UTM:SVC TimerManager:registerTimer called after profile-before-change notification. Ignoring timer registration for id: telemetry_modules_ping
1524243999608	geckodriver	INFO	geckodriver 0.20.1
1524243999615	geckodriver	INFO	Listening on 127.0.0.1:50992
1524244000628	mozrunner::runner	INFO	Running command: "/Applications/Firefox.app/Contents/MacOS/firefox-bin" "-marionette" "-profile" "/var/folders/bf/yttl8sfs7d1ftty215lm4dkc0000gn/T/rust_mozprofile.fUSSEUOYOa22"
1524244001144	Marionette	INFO	Enabled via --marionette
2018-04-21 01:06:42.092 plugin-container[1012:25251] *** CFMessagePort: bootstrap_register(): failed 1100 (0x44c) 'Permission denied', port = 0xa337, name = 'com.apple.tsm.portname'
See /usr/include/servers/bootstrap_defs.h for the error codes.
1524244002498	Marionette	INFO	Listening on port 51003
1524244002592	Marionette	WARN	TLS certificate errors will be ignored for this session
2018-04-21 01:06:43.397 plugin-container[1013:25336] *** CFMessagePort: bootstrap_register(): failed 1100 (0x44c) 'Permission denied', port = 0x9e3f, name = 'com.apple.tsm.portname'
See /usr/include/servers/bootstrap_defs.h for the error codes.
JavaScript error: https://ss1.bdstatic.com/5eN1bjq8AAUYm2zgoY3K/r/www/cache/static/protocol/https/plugins/every_cookie_mac_82990d4.js, line 4: ReferenceError: c is not defined
*** UTM:SVC TimerManager:registerTimer called after profile-before-change notification. Ignoring timer registration for id: telemetry_modules_ping
1524244023832	geckodriver	INFO	geckodriver 0.20.1
1524244023839	geckodriver	INFO	Listening on 127.0.0.1:51083
1524244024855	mozrunner::runner	INFO	Running command: "/Applications/Firefox.app/Contents/MacOS/firefox-bin" "-marionette" "-profile" "/var/folders/bf/yttl8sfs7d1ftty215lm4dkc0000gn/T/rust_mozprofile.LHDe4gSMSxxT"
1524244025382	Marionette	INFO	Enabled via --marionette
2018-04-21 01:07:06.328 plugin-container[1023:25591] *** CFMessagePort: bootstrap_register(): failed 1100 (0x44c) 'Permission denied', port = 0xa03b, name = 'com.apple.tsm.portname'
See /usr/include/servers/bootstrap_defs.h for the error codes.
1524244026700	Marionette	INFO	Listening on port 51094
1524244026750	Marionette	WARN	TLS certificate errors will be ignored for this session
2018-04-21 01:07:07.282 plugin-container[1024:25672] *** CFMessagePort: bootstrap_register(): failed 1100 (0x44c) 'Permission denied', port = 0x9d33, name = 'com.apple.tsm.portname'
See /usr/include/servers/bootstrap_defs.h for the error codes.
JavaScript error: https://ss1.bdstatic.com/5eN1bjq8AAUYm2zgoY3K/r/www/cache/static/protocol/https/plugins/every_cookie_mac_82990d4.js, line 4: ReferenceError: c is not defined
*** UTM:SVC TimerManager:registerTimer called after profile-before-change notification. Ignoring timer registration for id: telemetry_modules_ping
1524244069175	geckodriver	INFO	geckodriver 0.20.1
1524244069182	geckodriver	INFO	Listening on 127.0.0.1:51164
1524244070199	mozrunner::runner	INFO	Running command: "/Applications/Firefox.app/Contents/MacOS/firefox-bin" "-marionette" "-profile" "/var/folders/bf/yttl8sfs7d1ftty215lm4dkc0000gn/T/rust_mozprofile.fjLxMbKcKeNT"
1524244070742	Marionette	INFO	Enabled via --marionette
2018-04-21 01:07:51.668 plugin-container[1040:26129] *** CFMessagePort: bootstrap_register(): failed 1100 (0x44c) 'Permission denied', port = 0xa237, name = 'com.apple.tsm.portname'
See /usr/include/servers/bootstrap_defs.h for the error codes.
1524244072076	Marionette	INFO	Listening on port 51175
1524244072158	Marionette	WARN	TLS certificate errors will be ignored for this session
2018-04-21 01:07:52.564 plugin-container[1041:26232] *** CFMessagePort: bootstrap_register(): failed 1100 (0x44c) 'Permission denied', port = 0x9d37, name = 'com.apple.tsm.portname'
See /usr/include/servers/bootstrap_defs.h for the error codes.
JavaScript error: https://ss1.bdstatic.com/5eN1bjq8AAUYm2zgoY3K/r/www/cache/static/protocol/https/plugins/every_cookie_mac_82990d4.js, line 4: ReferenceError: c is not defined
JavaScript error: https://sp0.baidu.com/5a1Fazu8AA54nxGko9WTAnF6hhy/su?wd=%E4%BD%A0&json=1&p=3&sid=1449_19033_21114_18559_22158&csor=1&cb=jQuery1102079271126693919_1524244072978&_=1524244072980, line 1: TypeError: jQuery1102079271126693919_1524244072978 is not a function
JavaScript error: https://sp0.baidu.com/5a1Fazu8AA54nxGko9WTAnF6hhy/su?wd=%E4%BD%A0%E5%A5%BD&json=1&p=3&sid=1449_19033_21114_18559_22158&csor=2&pwd=%E4%BD%A0&cb=jQuery1102079271126693919_1524244072978&_=1524244072981, line 1: TypeError: jQuery1102079271126693919_1524244072978 is not a function
*** UTM:SVC TimerManager:registerTimer called after profile-before-change notification. Ignoring timer registration for id: telemetry_modules_ping
1524244220687	geckodriver	INFO	geckodriver 0.20.1
1524244220694	geckodriver	INFO	Listening on 127.0.0.1:51310
1524244221708	mozrunner::runner	INFO	Running command: "/Applications/Firefox.app/Contents/MacOS/firefox-bin" "-marionette" "-profile" "/var/folders/bf/yttl8sfs7d1ftty215lm4dkc0000gn/T/rust_mozprofile.s3Wc34exYAJm"
1524244222242	Marionette	INFO	Enabled via --marionette
2018-04-21 01:10:23.166 plugin-container[1075:27317] *** CFMessagePort: bootstrap_register(): failed 1100 (0x44c) 'Permission denied', port = 0xa337, name = 'com.apple.tsm.portname'
See /usr/include/servers/bootstrap_defs.h for the error codes.
1524244223518	Marionette	INFO	Listening on port 51321
1524244223574	Marionette	WARN	TLS certificate errors will be ignored for this session
2018-04-21 01:10:24.054 plugin-container[1076:27398] *** CFMessagePort: bootstrap_register(): failed 1100 (0x44c) 'Permission denied', port = 0x9d37, name = 'com.apple.tsm.portname'
See /usr/include/servers/bootstrap_defs.h for the error codes.
JavaScript error: https://ss1.bdstatic.com/5eN1bjq8AAUYm2zgoY3K/r/www/cache/static/protocol/https/plugins/every_cookie_mac_82990d4.js, line 4: ReferenceError: c is not defined
JavaScript error: https://sp0.baidu.com/5a1Fazu8AA54nxGko9WTAnF6hhy/su?wd=%E4%BD%A0&json=1&p=3&sid=1435_21112_20929&csor=1&cb=jQuery1102040285111176577393_1524244224490&_=1524244224492, line 1: TypeError: jQuery1102040285111176577393_1524244224490 is not a function
JavaScript error: https://sp0.baidu.com/5a1Fazu8AA54nxGko9WTAnF6hhy/su?wd=%E4%BD%A0%E5%A5%BD&json=1&p=3&sid=1435_21112_20929&csor=2&pwd=%E4%BD%A0&cb=jQuery1102040285111176577393_1524244224490&_=1524244224493, line 1: TypeError: jQuery1102040285111176577393_1524244224490 is not a function
*** UTM:SVC TimerManager:registerTimer called after profile-before-change notification. Ignoring timer registration for id: telemetry_modules_ping
1524245558637	geckodriver	INFO	geckodriver 0.20.1
1524245558644	geckodriver	INFO	Listening on 127.0.0.1:51548
1524245559663	mozrunner::runner	INFO	Running command: "/Applications/Firefox.app/Contents/MacOS/firefox-bin" "-marionette" "-profile" "/var/folders/bf/yttl8sfs7d1ftty215lm4dkc0000gn/T/rust_mozprofile.2K6j0lcK7zhP"
1524245560180	Marionette	INFO	Enabled via --marionette
2018-04-21 01:32:41.066 plugin-container[1128:32546] *** CFMessagePort: bootstrap_register(): failed 1100 (0x44c) 'Permission denied', port = 0xa233, name = 'com.apple.tsm.portname'
See /usr/include/servers/bootstrap_defs.h for the error codes.
1524245561448	Marionette	INFO	Listening on port 51559
1524245561528	Marionette	WARN	TLS certificate errors will be ignored for this session
2018-04-21 01:32:41.965 plugin-container[1129:32621] *** CFMessagePort: bootstrap_register(): failed 1100 (0x44c) 'Permission denied', port = 0x9e37, name = 'com.apple.tsm.portname'
See /usr/include/servers/bootstrap_defs.h for the error codes.
JavaScript error: https://ss1.bdstatic.com/5eN1bjq8AAUYm2zgoY3K/r/www/cache/static/protocol/https/plugins/every_cookie_mac_82990d4.js, line 4: ReferenceError: c is not defined
JavaScript error: https://sp0.baidu.com/5a1Fazu8AA54nxGko9WTAnF6hhy/su?wd=%E4%BD%A0&json=1&p=3&sid=1464_21081_20928&csor=1&cb=jQuery1102022430098541830934_1524245562266&_=1524245562268, line 1: TypeError: jQuery1102022430098541830934_1524245562266 is not a function
JavaScript error: https://sp0.baidu.com/5a1Fazu8AA54nxGko9WTAnF6hhy/su?wd=%E4%BD%A0%E5%A5%BD&json=1&p=3&sid=1464_21081_20928&csor=2&pwd=%E4%BD%A0&cb=jQuery1102022430098541830934_1524245562266&_=1524245562269, line 1: TypeError: jQuery1102022430098541830934_1524245562266 is not a function
*** UTM:SVC TimerManager:registerTimer called after profile-before-change notification. Ignoring timer registration for id: telemetry_modules_ping
1524245592153	geckodriver	INFO	geckodriver 0.20.1
1524245592166	geckodriver	INFO	Listening on 127.0.0.1:51645
1524245593182	mozrunner::runner	INFO	Running command: "/Applications/Firefox.app/Contents/MacOS/firefox-bin" "-marionette" "-profile" "/var/folders/bf/yttl8sfs7d1ftty215lm4dkc0000gn/T/rust_mozprofile.UmAQlppDNeuL"
1524245593722	Marionette	INFO	Enabled via --marionette
2018-04-21 01:33:14.654 plugin-container[1141:32949] *** CFMessagePort: bootstrap_register(): failed 1100 (0x44c) 'Permission denied', port = 0xa33b, name = 'com.apple.tsm.portname'
See /usr/include/servers/bootstrap_defs.h for the error codes.
1524245595030	Marionette	INFO	Listening on port 51656
1524245595052	Marionette	WARN	TLS certificate errors will be ignored for this session
2018-04-21 01:33:15.563 plugin-container[1142:33025] *** CFMessagePort: bootstrap_register(): failed 1100 (0x44c) 'Permission denied', port = 0x9d37, name = 'com.apple.tsm.portname'
See /usr/include/servers/bootstrap_defs.h for the error codes.
JavaScript error: https://ss1.bdstatic.com/5eN1bjq8AAUYm2zgoY3K/r/www/cache/static/protocol/https/plugins/every_cookie_mac_82990d4.js, line 4: ReferenceError: c is not defined
JavaScript error: https://sp0.baidu.com/5a1Fazu8AA54nxGko9WTAnF6hhy/su?wd=%E4%BD%A0&json=1&p=3&sid=26256_1439_21083_26181_22159&csor=1&cb=jQuery110205702638458556801_1524245595864&_=1524245595866, line 1: TypeError: jQuery110205702638458556801_1524245595864 is not a function
JavaScript error: https://sp0.baidu.com/5a1Fazu8AA54nxGko9WTAnF6hhy/su?wd=%E4%BD%A0%E5%A5%BD&json=1&p=3&sid=26256_1439_21083_26181_22159&csor=2&pwd=%E4%BD%A0&cb=jQuery110205702638458556801_1524245595864&_=1524245595867, line 1: TypeError: jQuery110205702638458556801_1524245595864 is not a function
*** UTM:SVC TimerManager:registerTimer called after profile-before-change notification. Ignoring timer registration for id: telemetry_modules_ping
1524245778060	geckodriver	INFO	geckodriver 0.20.1
1524245778067	geckodriver	INFO	Listening on 127.0.0.1:51801
1524245779084	mozrunner::runner	INFO	Running command: "/Applications/Firefox.app/Contents/MacOS/firefox-bin" "-marionette" "-profile" "/var/folders/bf/yttl8sfs7d1ftty215lm4dkc0000gn/T/rust_mozprofile.xjfIKV9ggOk7"
1524245779600	Marionette	INFO	Enabled via --marionette
2018-04-21 01:36:20.499 plugin-container[1162:34324] *** CFMessagePort: bootstrap_register(): failed 1100 (0x44c) 'Permission denied', port = 0xa133, name = 'com.apple.tsm.portname'
See /usr/include/servers/bootstrap_defs.h for the error codes.
1524245780850	Marionette	INFO	Listening on port 51812
2018-04-21 01:36:21.386 plugin-container[1163:34418] *** CFMessagePort: bootstrap_register(): failed 1100 (0x44c) 'Permission denied', port = 0x9e37, name = 'com.apple.tsm.portname'
See /usr/include/servers/bootstrap_defs.h for the error codes.
*** UTM:SVC TimerManager:registerTimer called after profile-before-change notification. Ignoring timer registration for id: telemetry_modules_ping
1524245827472	geckodriver	INFO	geckodriver 0.20.1
1524245827479	geckodriver	INFO	Listening on 127.0.0.1:51855
1524245828495	mozrunner::runner	INFO	Running command: "/Applications/Firefox.app/Contents/MacOS/firefox-bin" "-marionette" "-profile" "/var/folders/bf/yttl8sfs7d1ftty215lm4dkc0000gn/T/rust_mozprofile.hER376gT9Ow3"
1524245829072	Marionette	INFO	Enabled via --marionette
2018-04-21 01:37:10.009 plugin-container[1178:34857] *** CFMessagePort: bootstrap_register(): failed 1100 (0x44c) 'Permission denied', port = 0xa237, name = 'com.apple.tsm.portname'
See /usr/include/servers/bootstrap_defs.h for the error codes.
1524245830414	Marionette	INFO	Listening on port 51864
1524245830470	Marionette	WARN	TLS certificate errors will be ignored for this session
2018-04-21 01:37:11.169 plugin-container[1179:34940] *** CFMessagePort: bootstrap_register(): failed 1100 (0x44c) 'Permission denied', port = 0x9f37, name = 'com.apple.tsm.portname'
See /usr/include/servers/bootstrap_defs.h for the error codes.
JavaScript error: https://ss1.bdstatic.com/5eN1bjq8AAUYm2zgoY3K/r/www/cache/static/protocol/https/plugins/every_cookie_mac_82990d4.js, line 4: ReferenceError: c is not defined
*** UTM:SVC TimerManager:registerTimer called after profile-before-change notification. Ignoring timer registration for id: telemetry_modules_ping
1524245835373	geckodriver	INFO	geckodriver 0.20.1
1524245835381	geckodriver	INFO	Listening on 127.0.0.1:51932
1524245836396	mozrunner::runner	INFO	Running command: "/Applications/Firefox.app/Contents/MacOS/firefox-bin" "-marionette" "-profile" "/var/folders/bf/yttl8sfs7d1ftty215lm4dkc0000gn/T/rust_mozprofile.L52sxr7MEary"
1524245836908	Marionette	INFO	Enabled via --marionette
2018-04-21 01:37:17.934 plugin-container[1186:35086] *** CFMessagePort: bootstrap_register(): failed 1100 (0x44c) 'Permission denied', port = 0xa13f, name = 'com.apple.tsm.portname'
See /usr/include/servers/bootstrap_defs.h for the error codes.
1524245838296	Marionette	INFO	Listening on port 51943
1524245838386	Marionette	WARN	TLS certificate errors will be ignored for this session
2018-04-21 01:37:18.811 plugin-container[1188:35169] *** CFMessagePort: bootstrap_register(): failed 1100 (0x44c) 'Permission denied', port = 0x9e37, name = 'com.apple.tsm.portname'
See /usr/include/servers/bootstrap_defs.h for the error codes.
JavaScript error: https://ss1.bdstatic.com/5eN1bjq8AAUYm2zgoY3K/r/www/cache/static/protocol/https/plugins/every_cookie_mac_82990d4.js, line 4: ReferenceError: c is not defined
*** UTM:SVC TimerManager:registerTimer called after profile-before-change notification. Ignoring timer registration for id: telemetry_modules_ping
1524245841845	geckodriver	INFO	geckodriver 0.20.1
1524245841852	geckodriver	INFO	Listening on 127.0.0.1:52012
1524245842873	mozrunner::runner	INFO	Running command: "/Applications/Firefox.app/Contents/MacOS/firefox-bin" "-marionette" "-profile" "/var/folders/bf/yttl8sfs7d1ftty215lm4dkc0000gn/T/rust_mozprofile.SEmUutFaJEkL"
1524245843422	Marionette	INFO	Enabled via --marionette
2018-04-21 01:37:24.419 plugin-container[1194:35309] *** CFMessagePort: bootstrap_register(): failed 1100 (0x44c) 'Permission denied', port = 0xa237, name = 'com.apple.tsm.portname'
See /usr/include/servers/bootstrap_defs.h for the error codes.
1524245844832	Marionette	INFO	Listening on port 52023
1524245844850	Marionette	WARN	TLS certificate errors will be ignored for this session
2018-04-21 01:37:25.340 plugin-container[1195:35380] *** CFMessagePort: bootstrap_register(): failed 1100 (0x44c) 'Permission denied', port = 0x9d37, name = 'com.apple.tsm.portname'
See /usr/include/servers/bootstrap_defs.h for the error codes.
JavaScript error: https://ss1.bdstatic.com/5eN1bjq8AAUYm2zgoY3K/r/www/cache/static/protocol/https/plugins/every_cookie_mac_82990d4.js, line 4: ReferenceError: c is not defined
*** UTM:SVC TimerManager:registerTimer called after profile-before-change notification. Ignoring timer registration for id: telemetry_modules_ping
1524245894494	geckodriver	INFO	geckodriver 0.20.1
1524245894503	geckodriver	INFO	Listening on 127.0.0.1:52093
1524245895517	mozrunner::runner	INFO	Running command: "/Applications/Firefox.app/Contents/MacOS/firefox-bin" "-marionette" "-profile" "/var/folders/bf/yttl8sfs7d1ftty215lm4dkc0000gn/T/rust_mozprofile.BNzUaKUQm8V4"
1524245896084	Marionette	INFO	Enabled via --marionette
2018-04-21 01:38:17.211 plugin-container[1214:35820] *** CFMessagePort: bootstrap_register(): failed 1100 (0x44c) 'Permission denied', port = 0xa137, name = 'com.apple.tsm.portname'
See /usr/include/servers/bootstrap_defs.h for the error codes.
1524245897560	Marionette	INFO	Listening on port 52104
1524245897600	Marionette	WARN	TLS certificate errors will be ignored for this session
2018-04-21 01:38:18.119 plugin-container[1215:35901] *** CFMessagePort: bootstrap_register(): failed 1100 (0x44c) 'Permission denied', port = 0x9e37, name = 'com.apple.tsm.portname'
See /usr/include/servers/bootstrap_defs.h for the error codes.
JavaScript error: https://ss1.bdstatic.com/5eN1bjq8AAUYm2zgoY3K/r/www/cache/static/protocol/https/plugins/every_cookie_mac_82990d4.js, line 4: ReferenceError: c is not defined
*** UTM:SVC TimerManager:registerTimer called after profile-before-change notification. Ignoring timer registration for id: telemetry_modules_ping
1524245933050	geckodriver	INFO	geckodriver 0.20.1
1524245933056	geckodriver	INFO	Listening on 127.0.0.1:52173
1524245934070	mozrunner::runner	INFO	Running command: "/Applications/Firefox.app/Contents/MacOS/firefox-bin" "-marionette" "-profile" "/var/folders/bf/yttl8sfs7d1ftty215lm4dkc0000gn/T/rust_mozprofile.y2L98Py4cNHx"
1524245934638	Marionette	INFO	Enabled via --marionette
2018-04-21 01:38:55.543 plugin-container[1225:36215] *** CFMessagePort: bootstrap_register(): failed 1100 (0x44c) 'Permission denied', port = 0xa133, name = 'com.apple.tsm.portname'
See /usr/include/servers/bootstrap_defs.h for the error codes.
1524245935926	Marionette	INFO	Listening on port 52184
1524245935942	Marionette	WARN	TLS certificate errors will be ignored for this session
2018-04-21 01:38:56.614 plugin-container[1226:36288] *** CFMessagePort: bootstrap_register(): failed 1100 (0x44c) 'Permission denied', port = 0x9e33, name = 'com.apple.tsm.portname'
See /usr/include/servers/bootstrap_defs.h for the error codes.
JavaScript error: https://ss1.bdstatic.com/5eN1bjq8AAUYm2zgoY3K/r/www/cache/static/protocol/https/plugins/every_cookie_mac_82990d4.js, line 4: ReferenceError: c is not defined
JavaScript error: https://sp0.baidu.com/5a1Fazu8AA54nxGko9WTAnF6hhy/su?wd=%E4%BD%A0&json=1&p=3&sid=1438_21089_22159&csor=1&cb=jQuery110208578697514220912_1524245937782&_=1524245937784, line 1: TypeError: jQuery110208578697514220912_1524245937782 is not a function
JavaScript error: https://sp0.baidu.com/5a1Fazu8AA54nxGko9WTAnF6hhy/su?wd=%E4%BD%A0%E5%A5%BD&json=1&p=3&sid=1438_21089_22159&csor=2&pwd=%E4%BD%A0&cb=jQuery110208578697514220912_1524245937782&_=1524245937785, line 1: TypeError: jQuery110208578697514220912_1524245937782 is not a function
*** UTM:SVC TimerManager:registerTimer called after profile-before-change notification. Ignoring timer registration for id: telemetry_modules_ping
1542613687543	geckodriver	INFO	geckodriver 0.20.1
1542613687557	geckodriver	INFO	Listening on 127.0.0.1:58603
1542613688566	mozrunner::runner	INFO	Running command: "/Applications/Firefox.app/Contents/MacOS/firefox-bin" "-marionette" "-profile" "/var/folders/bf/yttl8sfs7d1ftty215lm4dkc0000gn/T/rust_mozprofile.kIivMxBO8Epm"
1542613695394	Marionette	DEBUG	Received observer notification profile-after-change
1542613695643	Marionette	DEBUG	Received observer notification command-line-startup
1542613695644	Marionette	DEBUG	Received observer notification nsPref:changed
1542613695644	Marionette	DEBUG	Init aborted (running=false, enabled=true, finalUIStartup=false)
1542613695886	Marionette	DEBUG	Received observer notification toplevel-window-ready
1542613697065	Marionette	DEBUG	Received observer notification sessionstore-windows-restored
1542613697065	Marionette	DEBUG	Waiting for delayed startup...
1542613697199	Marionette	DEBUG	Setting recommended pref app.update.disabledForTesting to true
1542613697200	Marionette	DEBUG	Setting recommended pref security.turn_off_all_security_so_that_viruses_can_take_over_this_computer to true
1542613697201	Marionette	DEBUG	Setting recommended pref toolkit.cosmeticAnimations.enabled to false
1542613697202	Marionette	DEBUG	Setting recommended pref datareporting.policy.dataSubmissionPolicyAccepted to false
1542613697202	Marionette	DEBUG	Setting recommended pref dom.disable_beforeunload to true
1542613697255	Marionette	INFO	Listening on port 58614
1542613697255	Marionette	DEBUG	Remote service is active
1542613709676	Marionette	DEBUG	Received observer notification xpcom-will-shutdown
1542613709676	Marionette	DEBUG	Resetting recommended pref app.update.disabledForTesting
1542613709676	Marionette	DEBUG	Resetting recommended pref security.turn_off_all_security_so_that_viruses_can_take_over_this_computer
1542613709676	Marionette	DEBUG	Resetting recommended pref toolkit.cosmeticAnimations.enabled
1542613709676	Marionette	DEBUG	Resetting recommended pref datareporting.policy.dataSubmissionPolicyAccepted
1542613709676	Marionette	DEBUG	Resetting recommended pref dom.disable_beforeunload
1542613709677	Marionette	INFO	Stopped listening on port 58614
1542613709677	Marionette	DEBUG	Remote service is inactive
